{"meta": {"format": 3, "version": "7.11.0", "timestamp": "2025-11-03T14:21:25.031212", "branch_coverage": false, "show_contexts": false}, "files": {"src/poetry_mcp/__init__.py": {"executed_lines": [1, 3], "summary": {"covered_lines": 1, "num_statements": 1, "percent_covered": 100.0, "percent_covered_display": "100", "missing_lines": 0, "excluded_lines": 0}, "missing_lines": [], "excluded_lines": [], "functions": {"": {"executed_lines": [1, 3], "summary": {"covered_lines": 1, "num_statements": 1, "percent_covered": 100.0, "percent_covered_display": "100", "missing_lines": 0, "excluded_lines": 0}, "missing_lines": [], "excluded_lines": []}}, "classes": {"": {"executed_lines": [1, 3], "summary": {"covered_lines": 1, "num_statements": 1, "percent_covered": 100.0, "percent_covered_display": "100", "missing_lines": 0, "excluded_lines": 0}, "missing_lines": [], "excluded_lines": []}}}, "src/poetry_mcp/catalog/__init__.py": {"executed_lines": [1], "summary": {"covered_lines": 0, "num_statements": 0, "percent_covered": 100.0, "percent_covered_display": "100", "missing_lines": 0, "excluded_lines": 0}, "missing_lines": [], "excluded_lines": [], "functions": {"": {"executed_lines": [1], "summary": {"covered_lines": 0, "num_statements": 0, "percent_covered": 100.0, "percent_covered_display": "100", "missing_lines": 0, "excluded_lines": 0}, "missing_lines": [], "excluded_lines": []}}, "classes": {"": {"executed_lines": [1], "summary": {"covered_lines": 0, "num_statements": 0, "percent_covered": 100.0, "percent_covered_display": "100", "missing_lines": 0, "excluded_lines": 0}, "missing_lines": [], "excluded_lines": []}}}, "src/poetry_mcp/catalog/catalog.py": {"executed_lines": [1, 7, 8, 9, 10, 11, 13, 14, 15, 18, 21, 22, 33, 36, 37, 40, 41, 44, 47, 49, 57, 58, 61, 62, 65, 66, 69, 71, 73, 75, 77, 79, 81, 83, 85, 87, 89, 91, 93, 94, 96, 107, 108, 110, 112, 114, 117, 119, 121, 132, 133, 135, 136, 138, 139, 141, 142, 143, 145, 146, 148, 150, 152, 155, 158, 161, 164, 165, 168, 169, 170, 171, 173, 174, 176, 187, 189, 190, 191, 192, 193, 194, 197, 198, 204, 218, 219, 220, 221, 222, 225, 226, 228, 230, 243, 245, 246, 249, 250, 251, 252, 255, 257, 258, 261, 264, 265, 267, 268, 271, 272, 273, 275, 277, 282, 283, 284, 287, 288, 291, 292, 294, 297, 299, 300, 301, 302, 303, 310, 311, 314, 316, 318, 324, 333, 335, 336], "summary": {"covered_lines": 134, "num_statements": 139, "percent_covered": 96.40287769784173, "percent_covered_display": "96", "missing_lines": 5, "excluded_lines": 0}, "missing_lines": [304, 305, 306, 307, 308], "excluded_lines": [], "functions": {"CatalogIndex.__init__": {"executed_lines": [36, 37, 40, 41, 44, 47], "summary": {"covered_lines": 6, "num_statements": 6, "percent_covered": 100.0, "percent_covered_display": "100", "missing_lines": 0, "excluded_lines": 0}, "missing_lines": [], "excluded_lines": []}, "CatalogIndex.add_poem": {"executed_lines": [57, 58, 61, 62, 65, 66, 69], "summary": {"covered_lines": 7, "num_statements": 7, "percent_covered": 100.0, "percent_covered_display": "100", "missing_lines": 0, "excluded_lines": 0}, "missing_lines": [], "excluded_lines": []}, "CatalogIndex.get_by_id": {"executed_lines": [73], "summary": {"covered_lines": 1, "num_statements": 1, "percent_covered": 100.0, "percent_covered_display": "100", "missing_lines": 0, "excluded_lines": 0}, "missing_lines": [], "excluded_lines": []}, "CatalogIndex.get_poem": {"executed_lines": [77], "summary": {"covered_lines": 1, "num_statements": 1, "percent_covered": 100.0, "percent_covered_display": "100", "missing_lines": 0, "excluded_lines": 0}, "missing_lines": [], "excluded_lines": []}, "CatalogIndex.get_by_title": {"executed_lines": [81], "summary": {"covered_lines": 1, "num_statements": 1, "percent_covered": 100.0, "percent_covered_display": "100", "missing_lines": 0, "excluded_lines": 0}, "missing_lines": [], "excluded_lines": []}, "CatalogIndex.get_by_state": {"executed_lines": [85], "summary": {"covered_lines": 1, "num_statements": 1, "percent_covered": 100.0, "percent_covered_display": "100", "missing_lines": 0, "excluded_lines": 0}, "missing_lines": [], "excluded_lines": []}, "CatalogIndex.get_by_form": {"executed_lines": [89], "summary": {"covered_lines": 1, "num_statements": 1, "percent_covered": 100.0, "percent_covered_display": "100", "missing_lines": 0, "excluded_lines": 0}, "missing_lines": [], "excluded_lines": []}, "CatalogIndex.get_by_tag": {"executed_lines": [93, 94], "summary": {"covered_lines": 2, "num_statements": 2, "percent_covered": 100.0, "percent_covered_display": "100", "missing_lines": 0, "excluded_lines": 0}, "missing_lines": [], "excluded_lines": []}, "CatalogIndex.get_by_tags": {"executed_lines": [107, 108, 110, 112, 114, 117, 119], "summary": {"covered_lines": 7, "num_statements": 7, "percent_covered": 100.0, "percent_covered_display": "100", "missing_lines": 0, "excluded_lines": 0}, "missing_lines": [], "excluded_lines": []}, "CatalogIndex.search_content": {"executed_lines": [132, 133, 135, 136, 138, 139, 141, 142, 143, 145, 146, 148], "summary": {"covered_lines": 12, "num_statements": 12, "percent_covered": 100.0, "percent_covered_display": "100", "missing_lines": 0, "excluded_lines": 0}, "missing_lines": [], "excluded_lines": []}, "CatalogIndex.get_stats": {"executed_lines": [152, 155, 158, 161, 164, 165, 168, 169, 170, 171, 173, 174, 176], "summary": {"covered_lines": 13, "num_statements": 13, "percent_covered": 100.0, "percent_covered_display": "100", "missing_lines": 0, "excluded_lines": 0}, "missing_lines": [], "excluded_lines": []}, "CatalogIndex.clear": {"executed_lines": [189, 190, 191, 192, 193, 194], "summary": {"covered_lines": 6, "num_statements": 6, "percent_covered": 100.0, "percent_covered_display": "100", "missing_lines": 0, "excluded_lines": 0}, "missing_lines": [], "excluded_lines": []}, "Catalog.__init__": {"executed_lines": [218, 219, 220, 221, 222, 225, 226, 228], "summary": {"covered_lines": 8, "num_statements": 8, "percent_covered": 100.0, "percent_covered_display": "100", "missing_lines": 0, "excluded_lines": 0}, "missing_lines": [], "excluded_lines": []}, "Catalog.sync": {"executed_lines": [243, 245, 246, 249, 250, 251, 252, 255, 257, 258, 261, 264, 265, 267, 268, 271, 272, 273, 275, 277, 282, 283, 284, 287, 288, 291, 292, 294, 297, 299, 300, 301, 302, 303, 310, 311, 314, 316, 318, 324], "summary": {"covered_lines": 40, "num_statements": 45, "percent_covered": 88.88888888888889, "percent_covered_display": "89", "missing_lines": 5, "excluded_lines": 0}, "missing_lines": [304, 305, 306, 307, 308], "excluded_lines": []}, "Catalog.get_stats": {"executed_lines": [335, 336], "summary": {"covered_lines": 2, "num_statements": 2, "percent_covered": 100.0, "percent_covered_display": "100", "missing_lines": 0, "excluded_lines": 0}, "missing_lines": [], "excluded_lines": []}, "": {"executed_lines": [1, 7, 8, 9, 10, 11, 13, 14, 15, 18, 21, 22, 33, 49, 71, 75, 79, 83, 87, 91, 96, 121, 150, 187, 197, 198, 204, 230, 333], "summary": {"covered_lines": 26, "num_statements": 26, "percent_covered": 100.0, "percent_covered_display": "100", "missing_lines": 0, "excluded_lines": 0}, "missing_lines": [], "excluded_lines": []}}, "classes": {"CatalogIndex": {"executed_lines": [36, 37, 40, 41, 44, 47, 57, 58, 61, 62, 65, 66, 69, 73, 77, 81, 85, 89, 93, 94, 107, 108, 110, 112, 114, 117, 119, 132, 133, 135, 136, 138, 139, 141, 142, 143, 145, 146, 148, 152, 155, 158, 161, 164, 165, 168, 169, 170, 171, 173, 174, 176, 189, 190, 191, 192, 193, 194], "summary": {"covered_lines": 58, "num_statements": 58, "percent_covered": 100.0, "percent_covered_display": "100", "missing_lines": 0, "excluded_lines": 0}, "missing_lines": [], "excluded_lines": []}, "Catalog": {"executed_lines": [218, 219, 220, 221, 222, 225, 226, 228, 243, 245, 246, 249, 250, 251, 252, 255, 257, 258, 261, 264, 265, 267, 268, 271, 272, 273, 275, 277, 282, 283, 284, 287, 288, 291, 292, 294, 297, 299, 300, 301, 302, 303, 310, 311, 314, 316, 318, 324, 335, 336], "summary": {"covered_lines": 50, "num_statements": 55, "percent_covered": 90.9090909090909, "percent_covered_display": "91", "missing_lines": 5, "excluded_lines": 0}, "missing_lines": [304, 305, 306, 307, 308], "excluded_lines": []}, "": {"executed_lines": [1, 7, 8, 9, 10, 11, 13, 14, 15, 18, 21, 22, 33, 49, 71, 75, 79, 83, 87, 91, 96, 121, 150, 187, 197, 198, 204, 230, 333], "summary": {"covered_lines": 26, "num_statements": 26, "percent_covered": 100.0, "percent_covered_display": "100", "missing_lines": 0, "excluded_lines": 0}, "missing_lines": [], "excluded_lines": []}}}, "src/poetry_mcp/config.py": {"executed_lines": [1, 7, 8, 9, 10, 11, 12, 13, 16, 19, 20, 22, 24, 26, 28, 30, 32, 34, 39, 44, 45, 46, 48, 50, 51, 52, 53, 55, 58, 59, 61, 65, 68, 69, 71, 75, 77, 83, 84, 86, 90, 94, 99, 100, 102, 103, 104, 105, 108, 121, 122, 123, 124, 125, 126, 128, 131, 132, 133, 134, 137, 138, 139, 140, 142, 143, 146, 159, 160, 161, 163, 164, 167, 168, 169, 171, 172, 173, 174, 177, 250, 300, 353, 369, 370, 371, 372, 411, 414, 426, 427, 429], "summary": {"covered_lines": 86, "num_statements": 167, "percent_covered": 51.49700598802395, "percent_covered_display": "51", "missing_lines": 81, "excluded_lines": 0}, "missing_lines": [187, 188, 191, 197, 199, 200, 201, 202, 203, 204, 206, 207, 208, 209, 210, 211, 212, 213, 215, 216, 217, 220, 221, 222, 223, 224, 226, 227, 228, 229, 230, 231, 232, 234, 235, 236, 239, 240, 241, 242, 243, 244, 245, 247, 261, 262, 265, 268, 293, 294, 296, 297, 311, 312, 315, 318, 346, 347, 349, 350, 373, 374, 378, 379, 380, 381, 382, 385, 386, 387, 388, 391, 392, 393, 394, 395, 396, 397, 398, 399, 402], "excluded_lines": [], "functions": {"VaultConfig.validate_vault_path": {"executed_lines": [48, 50, 51, 52, 53, 55], "summary": {"covered_lines": 6, "num_statements": 6, "percent_covered": 100.0, "percent_covered_display": "100", "missing_lines": 0, "excluded_lines": 0}, "missing_lines": [], "excluded_lines": []}, "find_config_file": {"executed_lines": [121, 122, 123, 124, 125, 126, 128, 131, 132, 133, 134, 137, 138, 139, 140, 142, 143], "summary": {"covered_lines": 17, "num_statements": 17, "percent_covered": 100.0, "percent_covered_display": "100", "missing_lines": 0, "excluded_lines": 0}, "missing_lines": [], "excluded_lines": []}, "load_config_from_file": {"executed_lines": [159, 160, 161, 163, 164, 167, 168, 169, 171, 172, 173, 174], "summary": {"covered_lines": 12, "num_statements": 12, "percent_covered": 100.0, "percent_covered_display": "100", "missing_lines": 0, "excluded_lines": 0}, "missing_lines": [], "excluded_lines": []}, "prompt_for_vault_path": {"executed_lines": [], "summary": {"covered_lines": 0, "num_statements": 44, "percent_covered": 0.0, "percent_covered_display": "0", "missing_lines": 44, "excluded_lines": 0}, "missing_lines": [187, 188, 191, 197, 199, 200, 201, 202, 203, 204, 206, 207, 208, 209, 210, 211, 212, 213, 215, 216, 217, 220, 221, 222, 223, 224, 226, 227, 228, 229, 230, 231, 232, 234, 235, 236, 239, 240, 241, 242, 243, 244, 245, 247], "excluded_lines": []}, "create_default_config": {"executed_lines": [], "summary": {"covered_lines": 0, "num_statements": 8, "percent_covered": 0.0, "percent_covered_display": "0", "missing_lines": 8, "excluded_lines": 0}, "missing_lines": [261, 262, 265, 268, 293, 294, 296, 297], "excluded_lines": []}, "save_config": {"executed_lines": [], "summary": {"covered_lines": 0, "num_statements": 8, "percent_covered": 0.0, "percent_covered_display": "0", "missing_lines": 8, "excluded_lines": 0}, "missing_lines": [311, 312, 315, 318, 346, 347, 349, 350], "excluded_lines": []}, "load_config": {"executed_lines": [369, 370, 371, 372], "summary": {"covered_lines": 4, "num_statements": 25, "percent_covered": 16.0, "percent_covered_display": "16", "missing_lines": 21, "excluded_lines": 0}, "missing_lines": [373, 374, 378, 379, 380, 381, 382, 385, 386, 387, 388, 391, 392, 393, 394, 395, 396, 397, 398, 399, 402], "excluded_lines": []}, "get_config": {"executed_lines": [426, 427, 429], "summary": {"covered_lines": 3, "num_statements": 3, "percent_covered": 100.0, "percent_covered_display": "100", "missing_lines": 0, "excluded_lines": 0}, "missing_lines": [], "excluded_lines": []}, "": {"executed_lines": [1, 7, 8, 9, 10, 11, 12, 13, 16, 19, 20, 22, 24, 26, 28, 30, 32, 34, 39, 44, 45, 46, 58, 59, 61, 65, 68, 69, 71, 75, 77, 83, 84, 86, 90, 94, 99, 100, 102, 103, 104, 105, 108, 146, 177, 250, 300, 353, 411, 414], "summary": {"covered_lines": 44, "num_statements": 44, "percent_covered": 100.0, "percent_covered_display": "100", "missing_lines": 0, "excluded_lines": 0}, "missing_lines": [], "excluded_lines": []}}, "classes": {"VaultConfig": {"executed_lines": [48, 50, 51, 52, 53, 55], "summary": {"covered_lines": 6, "num_statements": 6, "percent_covered": 100.0, "percent_covered_display": "100", "missing_lines": 0, "excluded_lines": 0}, "missing_lines": [], "excluded_lines": []}, "SearchConfig": {"executed_lines": [], "summary": {"covered_lines": 0, "num_statements": 0, "percent_covered": 100.0, "percent_covered_display": "100", "missing_lines": 0, "excluded_lines": 0}, "missing_lines": [], "excluded_lines": []}, "LoggingConfig": {"executed_lines": [], "summary": {"covered_lines": 0, "num_statements": 0, "percent_covered": 100.0, "percent_covered_display": "100", "missing_lines": 0, "excluded_lines": 0}, "missing_lines": [], "excluded_lines": []}, "PerformanceConfig": {"executed_lines": [], "summary": {"covered_lines": 0, "num_statements": 0, "percent_covered": 100.0, "percent_covered_display": "100", "missing_lines": 0, "excluded_lines": 0}, "missing_lines": [], "excluded_lines": []}, "PoetryMCPConfig": {"executed_lines": [], "summary": {"covered_lines": 0, "num_statements": 0, "percent_covered": 100.0, "percent_covered_display": "100", "missing_lines": 0, "excluded_lines": 0}, "missing_lines": [], "excluded_lines": []}, "": {"executed_lines": [1, 7, 8, 9, 10, 11, 12, 13, 16, 19, 20, 22, 24, 26, 28, 30, 32, 34, 39, 44, 45, 46, 58, 59, 61, 65, 68, 69, 71, 75, 77, 83, 84, 86, 90, 94, 99, 100, 102, 103, 104, 105, 108, 121, 122, 123, 124, 125, 126, 128, 131, 132, 133, 134, 137, 138, 139, 140, 142, 143, 146, 159, 160, 161, 163, 164, 167, 168, 169, 171, 172, 173, 174, 177, 250, 300, 353, 369, 370, 371, 372, 411, 414, 426, 427, 429], "summary": {"covered_lines": 80, "num_statements": 161, "percent_covered": 49.68944099378882, "percent_covered_display": "50", "missing_lines": 81, "excluded_lines": 0}, "missing_lines": [187, 188, 191, 197, 199, 200, 201, 202, 203, 204, 206, 207, 208, 209, 210, 211, 212, 213, 215, 216, 217, 220, 221, 222, 223, 224, 226, 227, 228, 229, 230, 231, 232, 234, 235, 236, 239, 240, 241, 242, 243, 244, 245, 247, 261, 262, 265, 268, 293, 294, 296, 297, 311, 312, 315, 318, 346, 347, 349, 350, 373, 374, 378, 379, 380, 381, 382, 385, 386, 387, 388, 391, 392, 393, 394, 395, 396, 397, 398, 399, 402], "excluded_lines": []}}}, "src/poetry_mcp/errors.py": {"executed_lines": [1, 4, 5, 7, 10, 11, 13, 16, 17, 19, 22, 23, 25, 28, 29, 31, 34, 35, 37, 40, 41, 43], "summary": {"covered_lines": 14, "num_statements": 14, "percent_covered": 100.0, "percent_covered_display": "100", "missing_lines": 0, "excluded_lines": 0}, "missing_lines": [], "excluded_lines": [], "functions": {"": {"executed_lines": [1, 4, 5, 7, 10, 11, 13, 16, 17, 19, 22, 23, 25, 28, 29, 31, 34, 35, 37, 40, 41, 43], "summary": {"covered_lines": 14, "num_statements": 14, "percent_covered": 100.0, "percent_covered_display": "100", "missing_lines": 0, "excluded_lines": 0}, "missing_lines": [], "excluded_lines": []}}, "classes": {"PoetryMCPError": {"executed_lines": [], "summary": {"covered_lines": 0, "num_statements": 0, "percent_covered": 100.0, "percent_covered_display": "100", "missing_lines": 0, "excluded_lines": 0}, "missing_lines": [], "excluded_lines": []}, "BaseParseError": {"executed_lines": [], "summary": {"covered_lines": 0, "num_statements": 0, "percent_covered": 100.0, "percent_covered_display": "100", "missing_lines": 0, "excluded_lines": 0}, "missing_lines": [], "excluded_lines": []}, "YAMLSyntaxError": {"executed_lines": [], "summary": {"covered_lines": 0, "num_statements": 0, "percent_covered": 100.0, "percent_covered_display": "100", "missing_lines": 0, "excluded_lines": 0}, "missing_lines": [], "excluded_lines": []}, "NexusNotFoundError": {"executed_lines": [], "summary": {"covered_lines": 0, "num_statements": 0, "percent_covered": 100.0, "percent_covered_display": "100", "missing_lines": 0, "excluded_lines": 0}, "missing_lines": [], "excluded_lines": []}, "FileSystemError": {"executed_lines": [], "summary": {"covered_lines": 0, "num_statements": 0, "percent_covered": 100.0, "percent_covered_display": "100", "missing_lines": 0, "excluded_lines": 0}, "missing_lines": [], "excluded_lines": []}, "ValidationError": {"executed_lines": [], "summary": {"covered_lines": 0, "num_statements": 0, "percent_covered": 100.0, "percent_covered_display": "100", "missing_lines": 0, "excluded_lines": 0}, "missing_lines": [], "excluded_lines": []}, "FrontmatterParseError": {"executed_lines": [], "summary": {"covered_lines": 0, "num_statements": 0, "percent_covered": 100.0, "percent_covered_display": "100", "missing_lines": 0, "excluded_lines": 0}, "missing_lines": [], "excluded_lines": []}, "": {"executed_lines": [1, 4, 5, 7, 10, 11, 13, 16, 17, 19, 22, 23, 25, 28, 29, 31, 34, 35, 37, 40, 41, 43], "summary": {"covered_lines": 14, "num_statements": 14, "percent_covered": 100.0, "percent_covered_display": "100", "missing_lines": 0, "excluded_lines": 0}, "missing_lines": [], "excluded_lines": []}}}, "src/poetry_mcp/llm/__init__.py": {"executed_lines": [], "summary": {"covered_lines": 0, "num_statements": 3, "percent_covered": 0.0, "percent_covered_display": "0", "missing_lines": 3, "excluded_lines": 0}, "missing_lines": [3, 4, 6], "excluded_lines": [], "functions": {"": {"executed_lines": [], "summary": {"covered_lines": 0, "num_statements": 3, "percent_covered": 0.0, "percent_covered_display": "0", "missing_lines": 3, "excluded_lines": 0}, "missing_lines": [3, 4, 6], "excluded_lines": []}}, "classes": {"": {"executed_lines": [], "summary": {"covered_lines": 0, "num_statements": 3, "percent_covered": 0.0, "percent_covered_display": "0", "missing_lines": 3, "excluded_lines": 0}, "missing_lines": [3, 4, 6], "excluded_lines": []}}}, "src/poetry_mcp/llm/client.py": {"executed_lines": [], "summary": {"covered_lines": 0, "num_statements": 85, "percent_covered": 0.0, "percent_covered_display": "0", "missing_lines": 85, "excluded_lines": 0}, "missing_lines": [10, 11, 12, 13, 14, 15, 17, 18, 21, 24, 25, 28, 29, 30, 31, 32, 33, 34, 37, 55, 56, 58, 59, 61, 75, 76, 77, 82, 83, 84, 87, 88, 89, 90, 92, 94, 95, 96, 98, 122, 125, 128, 129, 130, 132, 141, 144, 145, 146, 148, 149, 150, 151, 153, 155, 161, 162, 163, 165, 166, 167, 168, 169, 172, 173, 174, 176, 177, 178, 181, 191, 192, 193, 194, 195, 197, 198, 200, 201, 204, 205, 208, 211, 213, 215], "excluded_lines": [], "functions": {"ClaudeClient.__init__": {"executed_lines": [], "summary": {"covered_lines": 0, "num_statements": 10, "percent_covered": 0.0, "percent_covered_display": "0", "missing_lines": 10, "excluded_lines": 0}, "missing_lines": [75, 76, 77, 82, 83, 84, 87, 88, 89, 90], "excluded_lines": []}, "ClaudeClient.calculate_cost": {"executed_lines": [], "summary": {"covered_lines": 0, "num_statements": 3, "percent_covered": 0.0, "percent_covered_display": "0", "missing_lines": 3, "excluded_lines": 0}, "missing_lines": [94, 95, 96], "excluded_lines": []}, "ClaudeClient.complete": {"executed_lines": [], "summary": {"covered_lines": 0, "num_statements": 44, "percent_covered": 0.0, "percent_covered_display": "0", "missing_lines": 44, "excluded_lines": 0}, "missing_lines": [122, 125, 128, 129, 130, 132, 141, 144, 145, 146, 148, 149, 150, 151, 153, 155, 161, 162, 163, 165, 166, 167, 168, 169, 172, 173, 174, 176, 177, 178, 181, 191, 192, 193, 194, 195, 197, 198, 200, 201, 204, 205, 208, 211], "excluded_lines": []}, "ClaudeClient.get_cost_summary": {"executed_lines": [], "summary": {"covered_lines": 0, "num_statements": 1, "percent_covered": 0.0, "percent_covered_display": "0", "missing_lines": 1, "excluded_lines": 0}, "missing_lines": [215], "excluded_lines": []}, "": {"executed_lines": [], "summary": {"covered_lines": 0, "num_statements": 27, "percent_covered": 0.0, "percent_covered_display": "0", "missing_lines": 27, "excluded_lines": 0}, "missing_lines": [10, 11, 12, 13, 14, 15, 17, 18, 21, 24, 25, 28, 29, 30, 31, 32, 33, 34, 37, 55, 56, 58, 59, 61, 92, 98, 213], "excluded_lines": []}}, "classes": {"LLMResponse": {"executed_lines": [], "summary": {"covered_lines": 0, "num_statements": 0, "percent_covered": 100.0, "percent_covered_display": "100", "missing_lines": 0, "excluded_lines": 0}, "missing_lines": [], "excluded_lines": []}, "ClaudeClient": {"executed_lines": [], "summary": {"covered_lines": 0, "num_statements": 58, "percent_covered": 0.0, "percent_covered_display": "0", "missing_lines": 58, "excluded_lines": 0}, "missing_lines": [75, 76, 77, 82, 83, 84, 87, 88, 89, 90, 94, 95, 96, 122, 125, 128, 129, 130, 132, 141, 144, 145, 146, 148, 149, 150, 151, 153, 155, 161, 162, 163, 165, 166, 167, 168, 169, 172, 173, 174, 176, 177, 178, 181, 191, 192, 193, 194, 195, 197, 198, 200, 201, 204, 205, 208, 211, 215], "excluded_lines": []}, "": {"executed_lines": [], "summary": {"covered_lines": 0, "num_statements": 27, "percent_covered": 0.0, "percent_covered_display": "0", "missing_lines": 27, "excluded_lines": 0}, "missing_lines": [10, 11, 12, 13, 14, 15, 17, 18, 21, 24, 25, 28, 29, 30, 31, 32, 33, 34, 37, 55, 56, 58, 59, 61, 92, 98, 213], "excluded_lines": []}}}, "src/poetry_mcp/llm/prompts.py": {"executed_lines": [], "summary": {"covered_lines": 0, "num_statements": 31, "percent_covered": 0.0, "percent_covered_display": "0", "missing_lines": 31, "excluded_lines": 0}, "missing_lines": [3, 4, 7, 20, 39, 40, 43, 44, 45, 46, 47, 48, 49, 51, 53, 55, 57, 104, 107, 122, 123, 125, 126, 129, 131, 134, 135, 136, 145, 147, 177], "excluded_lines": [], "functions": {"build_theme_detection_prompt": {"executed_lines": [], "summary": {"covered_lines": 0, "num_statements": 14, "percent_covered": 0.0, "percent_covered_display": "0", "missing_lines": 14, "excluded_lines": 0}, "missing_lines": [39, 40, 43, 44, 45, 46, 47, 48, 49, 51, 53, 55, 57, 104], "excluded_lines": []}, "build_batch_enrichment_prompt": {"executed_lines": [], "summary": {"covered_lines": 0, "num_statements": 12, "percent_covered": 0.0, "percent_covered_display": "0", "missing_lines": 12, "excluded_lines": 0}, "missing_lines": [122, 123, 125, 126, 129, 131, 134, 135, 136, 145, 147, 177], "excluded_lines": []}, "": {"executed_lines": [], "summary": {"covered_lines": 0, "num_statements": 5, "percent_covered": 0.0, "percent_covered_display": "0", "missing_lines": 5, "excluded_lines": 0}, "missing_lines": [3, 4, 7, 20, 107], "excluded_lines": []}}, "classes": {"": {"executed_lines": [], "summary": {"covered_lines": 0, "num_statements": 31, "percent_covered": 0.0, "percent_covered_display": "0", "missing_lines": 31, "excluded_lines": 0}, "missing_lines": [3, 4, 7, 20, 39, 40, 43, 44, 45, 46, 47, 48, 49, 51, 53, 55, 57, 104, 107, 122, 123, 125, 126, 129, 131, 134, 135, 136, 145, 147, 177], "excluded_lines": []}}}, "src/poetry_mcp/models/__init__.py": {"executed_lines": [1, 7, 8, 10], "summary": {"covered_lines": 3, "num_statements": 3, "percent_covered": 100.0, "percent_covered_display": "100", "missing_lines": 0, "excluded_lines": 0}, "missing_lines": [], "excluded_lines": [], "functions": {"": {"executed_lines": [1, 7, 8, 10], "summary": {"covered_lines": 3, "num_statements": 3, "percent_covered": 100.0, "percent_covered_display": "100", "missing_lines": 0, "excluded_lines": 0}, "missing_lines": [], "excluded_lines": []}}, "classes": {"": {"executed_lines": [1, 7, 8, 10], "summary": {"covered_lines": 3, "num_statements": 3, "percent_covered": 100.0, "percent_covered_display": "100", "missing_lines": 0, "excluded_lines": 0}, "missing_lines": [], "excluded_lines": []}}}, "src/poetry_mcp/models/enrichment.py": {"executed_lines": [], "summary": {"covered_lines": 0, "num_statements": 24, "percent_covered": 0.0, "percent_covered_display": "0", "missing_lines": 24, "excluded_lines": 0}, "missing_lines": [3, 4, 7, 10, 12, 16, 18, 21, 24, 29, 32, 33, 34, 35, 36, 39, 42, 43, 44, 45, 46, 47, 48, 49], "excluded_lines": [], "functions": {"": {"executed_lines": [], "summary": {"covered_lines": 0, "num_statements": 24, "percent_covered": 0.0, "percent_covered_display": "0", "missing_lines": 24, "excluded_lines": 0}, "missing_lines": [3, 4, 7, 10, 12, 16, 18, 21, 24, 29, 32, 33, 34, 35, 36, 39, 42, 43, 44, 45, 46, 47, 48, 49], "excluded_lines": []}}, "classes": {"ThemeSuggestion": {"executed_lines": [], "summary": {"covered_lines": 0, "num_statements": 0, "percent_covered": 100.0, "percent_covered_display": "100", "missing_lines": 0, "excluded_lines": 0}, "missing_lines": [], "excluded_lines": []}, "ThemeDetectionResult": {"executed_lines": [], "summary": {"covered_lines": 0, "num_statements": 0, "percent_covered": 100.0, "percent_covered_display": "100", "missing_lines": 0, "excluded_lines": 0}, "missing_lines": [], "excluded_lines": []}, "EnrichmentSuggestion": {"executed_lines": [], "summary": {"covered_lines": 0, "num_statements": 0, "percent_covered": 100.0, "percent_covered_display": "100", "missing_lines": 0, "excluded_lines": 0}, "missing_lines": [], "excluded_lines": []}, "BatchEnrichmentResult": {"executed_lines": [], "summary": {"covered_lines": 0, "num_statements": 0, "percent_covered": 100.0, "percent_covered_display": "100", "missing_lines": 0, "excluded_lines": 0}, "missing_lines": [], "excluded_lines": []}, "": {"executed_lines": [], "summary": {"covered_lines": 0, "num_statements": 24, "percent_covered": 0.0, "percent_covered_display": "0", "missing_lines": 24, "excluded_lines": 0}, "missing_lines": [3, 4, 7, 10, 12, 16, 18, 21, 24, 29, 32, 33, 34, 35, 36, 39, 42, 43, 44, 45, 46, 47, 48, 49], "excluded_lines": []}}}, "src/poetry_mcp/models/influence.py": {"executed_lines": [1, 7, 8, 11, 12, 25, 29, 33, 37, 41, 45, 49, 50, 52], "summary": {"covered_lines": 11, "num_statements": 11, "percent_covered": 100.0, "percent_covered_display": "100", "missing_lines": 0, "excluded_lines": 0}, "missing_lines": [], "excluded_lines": [], "functions": {"": {"executed_lines": [1, 7, 8, 11, 12, 25, 29, 33, 37, 41, 45, 49, 50, 52], "summary": {"covered_lines": 11, "num_statements": 11, "percent_covered": 100.0, "percent_covered_display": "100", "missing_lines": 0, "excluded_lines": 0}, "missing_lines": [], "excluded_lines": []}}, "classes": {"Influence": {"executed_lines": [], "summary": {"covered_lines": 0, "num_statements": 0, "percent_covered": 100.0, "percent_covered_display": "100", "missing_lines": 0, "excluded_lines": 0}, "missing_lines": [], "excluded_lines": []}, "Influence.Config": {"executed_lines": [], "summary": {"covered_lines": 0, "num_statements": 0, "percent_covered": 100.0, "percent_covered_display": "100", "missing_lines": 0, "excluded_lines": 0}, "missing_lines": [], "excluded_lines": []}, "": {"executed_lines": [1, 7, 8, 11, 12, 25, 29, 33, 37, 41, 45, 49, 50, 52], "summary": {"covered_lines": 11, "num_statements": 11, "percent_covered": 100.0, "percent_covered_display": "100", "missing_lines": 0, "excluded_lines": 0}, "missing_lines": [], "excluded_lines": []}}}, "src/poetry_mcp/models/nexus.py": {"executed_lines": [1, 7, 8, 11, 12, 24, 28, 30, 32, 37, 43, 47, 48, 50, 80, 81, 87, 91, 95, 99, 101, 102, 104], "summary": {"covered_lines": 18, "num_statements": 18, "percent_covered": 100.0, "percent_covered_display": "100", "missing_lines": 0, "excluded_lines": 0}, "missing_lines": [], "excluded_lines": [], "functions": {"": {"executed_lines": [1, 7, 8, 11, 12, 24, 28, 30, 32, 37, 43, 47, 48, 50, 80, 81, 87, 91, 95, 99, 101, 102, 104], "summary": {"covered_lines": 18, "num_statements": 18, "percent_covered": 100.0, "percent_covered_display": "100", "missing_lines": 0, "excluded_lines": 0}, "missing_lines": [], "excluded_lines": []}}, "classes": {"Nexus": {"executed_lines": [], "summary": {"covered_lines": 0, "num_statements": 0, "percent_covered": 100.0, "percent_covered_display": "100", "missing_lines": 0, "excluded_lines": 0}, "missing_lines": [], "excluded_lines": []}, "Nexus.Config": {"executed_lines": [], "summary": {"covered_lines": 0, "num_statements": 0, "percent_covered": 100.0, "percent_covered_display": "100", "missing_lines": 0, "excluded_lines": 0}, "missing_lines": [], "excluded_lines": []}, "NexusRegistry": {"executed_lines": [], "summary": {"covered_lines": 0, "num_statements": 0, "percent_covered": 100.0, "percent_covered_display": "100", "missing_lines": 0, "excluded_lines": 0}, "missing_lines": [], "excluded_lines": []}, "NexusRegistry.Config": {"executed_lines": [], "summary": {"covered_lines": 0, "num_statements": 0, "percent_covered": 100.0, "percent_covered_display": "100", "missing_lines": 0, "excluded_lines": 0}, "missing_lines": [], "excluded_lines": []}, "": {"executed_lines": [1, 7, 8, 11, 12, 24, 28, 30, 32, 37, 43, 47, 48, 50, 80, 81, 87, 91, 95, 99, 101, 102, 104], "summary": {"covered_lines": 18, "num_statements": 18, "percent_covered": 100.0, "percent_covered_display": "100", "missing_lines": 0, "excluded_lines": 0}, "missing_lines": [], "excluded_lines": []}}}, "src/poetry_mcp/models/poem.py": {"executed_lines": [1, 6, 7, 8, 11, 12, 30, 32, 33, 35, 38, 39, 40, 43, 45, 50, 51, 54, 57, 58, 59, 64, 65, 68, 73, 77, 78, 79, 81, 83, 85, 86, 89, 91, 92, 93, 95, 96, 98, 100, 101, 102, 104, 105, 106, 107, 109, 110, 111, 113, 114, 117, 129, 130, 132, 135, 136, 142, 143, 145, 148, 150], "summary": {"covered_lines": 60, "num_statements": 61, "percent_covered": 98.36065573770492, "percent_covered_display": "98", "missing_lines": 1, "excluded_lines": 0}, "missing_lines": [97], "excluded_lines": [], "functions": {"Poem.set_custom_states": {"executed_lines": [35], "summary": {"covered_lines": 1, "num_statements": 1, "percent_covered": 100.0, "percent_covered_display": "100", "missing_lines": 0, "excluded_lines": 0}, "missing_lines": [], "excluded_lines": []}, "Poem.validate_state": {"executed_lines": [81, 83, 85, 86, 89], "summary": {"covered_lines": 5, "num_statements": 5, "percent_covered": 100.0, "percent_covered_display": "100", "missing_lines": 0, "excluded_lines": 0}, "missing_lines": [], "excluded_lines": []}, "Poem.validate_form": {"executed_lines": [95, 96, 98], "summary": {"covered_lines": 3, "num_statements": 4, "percent_covered": 75.0, "percent_covered_display": "75", "missing_lines": 1, "excluded_lines": 0}, "missing_lines": [97], "excluded_lines": []}, "Poem.normalize_tags": {"executed_lines": [104, 105, 106, 107], "summary": {"covered_lines": 4, "num_statements": 4, "percent_covered": 100.0, "percent_covered_display": "100", "missing_lines": 0, "excluded_lines": 0}, "missing_lines": [], "excluded_lines": []}, "Poem.validate_qualities": {"executed_lines": [113, 114, 117, 129, 130, 132, 135, 136, 142, 143, 145, 148], "summary": {"covered_lines": 12, "num_statements": 12, "percent_covered": 100.0, "percent_covered_display": "100", "missing_lines": 0, "excluded_lines": 0}, "missing_lines": [], "excluded_lines": []}, "": {"executed_lines": [1, 6, 7, 8, 11, 12, 30, 32, 33, 38, 39, 40, 43, 45, 50, 51, 54, 57, 58, 59, 64, 65, 68, 73, 77, 78, 79, 91, 92, 93, 100, 101, 102, 109, 110, 111, 150], "summary": {"covered_lines": 35, "num_statements": 35, "percent_covered": 100.0, "percent_covered_display": "100", "missing_lines": 0, "excluded_lines": 0}, "missing_lines": [], "excluded_lines": []}}, "classes": {"Poem": {"executed_lines": [35, 81, 83, 85, 86, 89, 95, 96, 98, 104, 105, 106, 107, 113, 114, 117, 129, 130, 132, 135, 136, 142, 143, 145, 148], "summary": {"covered_lines": 25, "num_statements": 26, "percent_covered": 96.15384615384616, "percent_covered_display": "96", "missing_lines": 1, "excluded_lines": 0}, "missing_lines": [97], "excluded_lines": []}, "": {"executed_lines": [1, 6, 7, 8, 11, 12, 30, 32, 33, 38, 39, 40, 43, 45, 50, 51, 54, 57, 58, 59, 64, 65, 68, 73, 77, 78, 79, 91, 92, 93, 100, 101, 102, 109, 110, 111, 150], "summary": {"covered_lines": 35, "num_statements": 35, "percent_covered": 100.0, "percent_covered_display": "100", "missing_lines": 0, "excluded_lines": 0}, "missing_lines": [], "excluded_lines": []}}}, "src/poetry_mcp/models/quality.py": {"executed_lines": [1, 7, 8, 11, 12, 28, 32, 34, 36, 40, 44, 73, 74, 80, 84, 86], "summary": {"covered_lines": 13, "num_statements": 13, "percent_covered": 100.0, "percent_covered_display": "100", "missing_lines": 0, "excluded_lines": 0}, "missing_lines": [], "excluded_lines": [], "functions": {"": {"executed_lines": [1, 7, 8, 11, 12, 28, 32, 34, 36, 40, 44, 73, 74, 80, 84, 86], "summary": {"covered_lines": 13, "num_statements": 13, "percent_covered": 100.0, "percent_covered_display": "100", "missing_lines": 0, "excluded_lines": 0}, "missing_lines": [], "excluded_lines": []}}, "classes": {"Quality": {"executed_lines": [], "summary": {"covered_lines": 0, "num_statements": 0, "percent_covered": 100.0, "percent_covered_display": "100", "missing_lines": 0, "excluded_lines": 0}, "missing_lines": [], "excluded_lines": []}, "QualityRegistry": {"executed_lines": [], "summary": {"covered_lines": 0, "num_statements": 0, "percent_covered": 100.0, "percent_covered_display": "100", "missing_lines": 0, "excluded_lines": 0}, "missing_lines": [], "excluded_lines": []}, "": {"executed_lines": [1, 7, 8, 11, 12, 28, 32, 34, 36, 40, 44, 73, 74, 80, 84, 86], "summary": {"covered_lines": 13, "num_statements": 13, "percent_covered": 100.0, "percent_covered_display": "100", "missing_lines": 0, "excluded_lines": 0}, "missing_lines": [], "excluded_lines": []}}}, "src/poetry_mcp/models/results.py": {"executed_lines": [1, 6, 7, 9, 10, 11, 12, 13, 16, 17, 24, 26, 28, 30, 32, 36, 38, 39, 41, 56, 57, 63, 65, 69, 71, 72, 74, 91, 92, 98, 102, 104, 108, 112, 113, 115, 128, 129, 135, 137, 139, 141, 143, 147, 149, 151, 153, 155, 157, 158, 160], "summary": {"covered_lines": 42, "num_statements": 42, "percent_covered": 100.0, "percent_covered_display": "100", "missing_lines": 0, "excluded_lines": 0}, "missing_lines": [], "excluded_lines": [], "functions": {"": {"executed_lines": [1, 6, 7, 9, 10, 11, 12, 13, 16, 17, 24, 26, 28, 30, 32, 36, 38, 39, 41, 56, 57, 63, 65, 69, 71, 72, 74, 91, 92, 98, 102, 104, 108, 112, 113, 115, 128, 129, 135, 137, 139, 141, 143, 147, 149, 151, 153, 155, 157, 158, 160], "summary": {"covered_lines": 42, "num_statements": 42, "percent_covered": 100.0, "percent_covered_display": "100", "missing_lines": 0, "excluded_lines": 0}, "missing_lines": [], "excluded_lines": []}}, "classes": {"SyncResult": {"executed_lines": [], "summary": {"covered_lines": 0, "num_statements": 0, "percent_covered": 100.0, "percent_covered_display": "100", "missing_lines": 0, "excluded_lines": 0}, "missing_lines": [], "excluded_lines": []}, "SyncResult.Config": {"executed_lines": [], "summary": {"covered_lines": 0, "num_statements": 0, "percent_covered": 100.0, "percent_covered_display": "100", "missing_lines": 0, "excluded_lines": 0}, "missing_lines": [], "excluded_lines": []}, "SearchResult": {"executed_lines": [], "summary": {"covered_lines": 0, "num_statements": 0, "percent_covered": 100.0, "percent_covered_display": "100", "missing_lines": 0, "excluded_lines": 0}, "missing_lines": [], "excluded_lines": []}, "SearchResult.Config": {"executed_lines": [], "summary": {"covered_lines": 0, "num_statements": 0, "percent_covered": 100.0, "percent_covered_display": "100", "missing_lines": 0, "excluded_lines": 0}, "missing_lines": [], "excluded_lines": []}, "BaseFileResult": {"executed_lines": [], "summary": {"covered_lines": 0, "num_statements": 0, "percent_covered": 100.0, "percent_covered_display": "100", "missing_lines": 0, "excluded_lines": 0}, "missing_lines": [], "excluded_lines": []}, "BaseFileResult.Config": {"executed_lines": [], "summary": {"covered_lines": 0, "num_statements": 0, "percent_covered": 100.0, "percent_covered_display": "100", "missing_lines": 0, "excluded_lines": 0}, "missing_lines": [], "excluded_lines": []}, "CatalogStats": {"executed_lines": [], "summary": {"covered_lines": 0, "num_statements": 0, "percent_covered": 100.0, "percent_covered_display": "100", "missing_lines": 0, "excluded_lines": 0}, "missing_lines": [], "excluded_lines": []}, "CatalogStats.Config": {"executed_lines": [], "summary": {"covered_lines": 0, "num_statements": 0, "percent_covered": 100.0, "percent_covered_display": "100", "missing_lines": 0, "excluded_lines": 0}, "missing_lines": [], "excluded_lines": []}, "": {"executed_lines": [1, 6, 7, 9, 10, 11, 12, 13, 16, 17, 24, 26, 28, 30, 32, 36, 38, 39, 41, 56, 57, 63, 65, 69, 71, 72, 74, 91, 92, 98, 102, 104, 108, 112, 113, 115, 128, 129, 135, 137, 139, 141, 143, 147, 149, 151, 153, 155, 157, 158, 160], "summary": {"covered_lines": 42, "num_statements": 42, "percent_covered": 100.0, "percent_covered_display": "100", "missing_lines": 0, "excluded_lines": 0}, "missing_lines": [], "excluded_lines": []}}}, "src/poetry_mcp/models/submission.py": {"executed_lines": [1, 8, 9, 10, 13, 22, 23, 31, 37, 45, 47, 52, 56, 62, 69, 74, 77, 81, 82, 84, 87, 91, 92, 94, 96, 97, 101, 102, 104, 106, 107, 111, 112, 114, 139, 140, 146, 148, 152, 156, 160, 164, 165, 167], "summary": {"covered_lines": 39, "num_statements": 42, "percent_covered": 92.85714285714286, "percent_covered_display": "93", "missing_lines": 3, "excluded_lines": 0}, "missing_lines": [88, 99, 109], "excluded_lines": [], "functions": {"Submission.sync_status_with_submitted": {"executed_lines": [84, 87, 91, 92, 94], "summary": {"covered_lines": 5, "num_statements": 6, "percent_covered": 83.33333333333333, "percent_covered_display": "83", "missing_lines": 1, "excluded_lines": 0}, "missing_lines": [88], "excluded_lines": []}, "Submission.poem_count": {"executed_lines": [], "summary": {"covered_lines": 0, "num_statements": 1, "percent_covered": 0.0, "percent_covered_display": "0", "missing_lines": 1, "excluded_lines": 0}, "missing_lines": [99], "excluded_lines": []}, "Submission.is_active": {"executed_lines": [104], "summary": {"covered_lines": 1, "num_statements": 1, "percent_covered": 100.0, "percent_covered_display": "100", "missing_lines": 0, "excluded_lines": 0}, "missing_lines": [], "excluded_lines": []}, "Submission.is_completed": {"executed_lines": [], "summary": {"covered_lines": 0, "num_statements": 1, "percent_covered": 0.0, "percent_covered_display": "0", "missing_lines": 1, "excluded_lines": 0}, "missing_lines": [109], "excluded_lines": []}, "": {"executed_lines": [1, 8, 9, 10, 13, 22, 23, 31, 37, 45, 47, 52, 56, 62, 69, 74, 77, 81, 82, 96, 97, 101, 102, 106, 107, 111, 112, 114, 139, 140, 146, 148, 152, 156, 160, 164, 165, 167], "summary": {"covered_lines": 33, "num_statements": 33, "percent_covered": 100.0, "percent_covered_display": "100", "missing_lines": 0, "excluded_lines": 0}, "missing_lines": [], "excluded_lines": []}}, "classes": {"Submission": {"executed_lines": [84, 87, 91, 92, 94, 104], "summary": {"covered_lines": 6, "num_statements": 9, "percent_covered": 66.66666666666667, "percent_covered_display": "67", "missing_lines": 3, "excluded_lines": 0}, "missing_lines": [88, 99, 109], "excluded_lines": []}, "Submission.Config": {"executed_lines": [], "summary": {"covered_lines": 0, "num_statements": 0, "percent_covered": 100.0, "percent_covered_display": "100", "missing_lines": 0, "excluded_lines": 0}, "missing_lines": [], "excluded_lines": []}, "SubmissionSummary": {"executed_lines": [], "summary": {"covered_lines": 0, "num_statements": 0, "percent_covered": 100.0, "percent_covered_display": "100", "missing_lines": 0, "excluded_lines": 0}, "missing_lines": [], "excluded_lines": []}, "SubmissionSummary.Config": {"executed_lines": [], "summary": {"covered_lines": 0, "num_statements": 0, "percent_covered": 100.0, "percent_covered_display": "100", "missing_lines": 0, "excluded_lines": 0}, "missing_lines": [], "excluded_lines": []}, "": {"executed_lines": [1, 8, 9, 10, 13, 22, 23, 31, 37, 45, 47, 52, 56, 62, 69, 74, 77, 81, 82, 96, 97, 101, 102, 106, 107, 111, 112, 114, 139, 140, 146, 148, 152, 156, 160, 164, 165, 167], "summary": {"covered_lines": 33, "num_statements": 33, "percent_covered": 100.0, "percent_covered_display": "100", "missing_lines": 0, "excluded_lines": 0}, "missing_lines": [], "excluded_lines": []}}}, "src/poetry_mcp/models/venue.py": {"executed_lines": [1, 8, 9, 12, 13, 20, 26, 32, 38, 44, 54, 56, 66, 73, 75, 76, 78], "summary": {"covered_lines": 14, "num_statements": 14, "percent_covered": 100.0, "percent_covered_display": "100", "missing_lines": 0, "excluded_lines": 0}, "missing_lines": [], "excluded_lines": [], "functions": {"": {"executed_lines": [1, 8, 9, 12, 13, 20, 26, 32, 38, 44, 54, 56, 66, 73, 75, 76, 78], "summary": {"covered_lines": 14, "num_statements": 14, "percent_covered": 100.0, "percent_covered_display": "100", "missing_lines": 0, "excluded_lines": 0}, "missing_lines": [], "excluded_lines": []}}, "classes": {"Venue": {"executed_lines": [], "summary": {"covered_lines": 0, "num_statements": 0, "percent_covered": 100.0, "percent_covered_display": "100", "missing_lines": 0, "excluded_lines": 0}, "missing_lines": [], "excluded_lines": []}, "Venue.Config": {"executed_lines": [], "summary": {"covered_lines": 0, "num_statements": 0, "percent_covered": 100.0, "percent_covered_display": "100", "missing_lines": 0, "excluded_lines": 0}, "missing_lines": [], "excluded_lines": []}, "": {"executed_lines": [1, 8, 9, 12, 13, 20, 26, 32, 38, 44, 54, 56, 66, 73, 75, 76, 78], "summary": {"covered_lines": 14, "num_statements": 14, "percent_covered": 100.0, "percent_covered_display": "100", "missing_lines": 0, "excluded_lines": 0}, "missing_lines": [], "excluded_lines": []}}}, "src/poetry_mcp/parsers/__init__.py": {"executed_lines": [1], "summary": {"covered_lines": 0, "num_statements": 0, "percent_covered": 100.0, "percent_covered_display": "100", "missing_lines": 0, "excluded_lines": 0}, "missing_lines": [], "excluded_lines": [], "functions": {"": {"executed_lines": [1], "summary": {"covered_lines": 0, "num_statements": 0, "percent_covered": 100.0, "percent_covered_display": "100", "missing_lines": 0, "excluded_lines": 0}, "missing_lines": [], "excluded_lines": []}}, "classes": {"": {"executed_lines": [1], "summary": {"covered_lines": 0, "num_statements": 0, "percent_covered": 100.0, "percent_covered_display": "100", "missing_lines": 0, "excluded_lines": 0}, "missing_lines": [], "excluded_lines": []}}}, "src/poetry_mcp/parsers/frontmatter_parser.py": {"executed_lines": [1, 7, 8, 9, 10, 11, 13, 14, 17, 33, 34, 36, 37, 38, 39, 42, 45, 48, 51, 52, 55, 56, 57, 60, 61, 62, 64, 67, 68, 71, 73, 75, 77, 80, 81, 83, 85, 86, 87, 90, 91, 111, 114, 129, 130, 132, 134, 136, 137, 140, 141, 142, 144, 146, 147, 149, 152, 165, 168, 171, 174, 176, 179, 191, 192, 194, 195, 197, 198, 201, 203, 204, 207, 217, 219, 220, 221, 222, 223, 224, 225, 226, 227, 228, 234, 245, 248, 249, 250, 252, 253, 256, 257, 258, 259, 262, 263, 264, 265, 268, 269, 273, 275, 276, 277, 279, 282, 285, 298, 299, 301, 302, 304, 305, 308, 309, 312, 314, 317, 320, 322, 323, 326, 329, 331, 332, 335, 342, 345, 346, 349, 350, 352], "summary": {"covered_lines": 132, "num_statements": 137, "percent_covered": 96.35036496350365, "percent_covered_display": "96", "missing_lines": 5, "excluded_lines": 0}, "missing_lines": [108, 109, 143, 145, 231], "excluded_lines": [], "functions": {"parse_poem_file": {"executed_lines": [33, 34, 36, 37, 38, 39, 42, 45, 48, 51, 52, 55, 56, 57, 60, 61, 62, 64, 67, 68, 71, 73, 75, 77, 80, 81, 83, 85, 86, 87, 90, 91, 111], "summary": {"covered_lines": 33, "num_statements": 35, "percent_covered": 94.28571428571429, "percent_covered_display": "94", "missing_lines": 2, "excluded_lines": 0}, "missing_lines": [108, 109], "excluded_lines": []}, "extract_frontmatter": {"executed_lines": [129, 130, 132, 134, 136, 137, 140, 141, 142, 144, 146, 147, 149], "summary": {"covered_lines": 13, "num_statements": 15, "percent_covered": 86.66666666666667, "percent_covered_display": "87", "missing_lines": 2, "excluded_lines": 0}, "missing_lines": [143, 145], "excluded_lines": []}, "generate_poem_id": {"executed_lines": [165, 168, 171, 174, 176], "summary": {"covered_lines": 5, "num_statements": 5, "percent_covered": 100.0, "percent_covered_display": "100", "missing_lines": 0, "excluded_lines": 0}, "missing_lines": [], "excluded_lines": []}, "extract_title": {"executed_lines": [191, 192, 194, 195, 197, 198, 201, 203, 204], "summary": {"covered_lines": 9, "num_statements": 9, "percent_covered": 100.0, "percent_covered_display": "100", "missing_lines": 0, "excluded_lines": 0}, "missing_lines": [], "excluded_lines": []}, "infer_state_from_path": {"executed_lines": [217, 219, 220, 221, 222, 223, 224, 225, 226, 227, 228], "summary": {"covered_lines": 11, "num_statements": 12, "percent_covered": 91.66666666666667, "percent_covered_display": "92", "missing_lines": 1, "excluded_lines": 0}, "missing_lines": [231], "excluded_lines": []}, "detect_form": {"executed_lines": [245, 248, 249, 250, 252, 253, 256, 257, 258, 259, 262, 263, 264, 265, 268, 269, 273, 275, 276, 277, 279, 282], "summary": {"covered_lines": 22, "num_statements": 22, "percent_covered": 100.0, "percent_covered_display": "100", "missing_lines": 0, "excluded_lines": 0}, "missing_lines": [], "excluded_lines": []}, "estimate_syllables": {"executed_lines": [298, 299, 301, 302, 304, 305, 308, 309, 312, 314], "summary": {"covered_lines": 10, "num_statements": 10, "percent_covered": 100.0, "percent_covered_display": "100", "missing_lines": 0, "excluded_lines": 0}, "missing_lines": [], "excluded_lines": []}, "count_words": {"executed_lines": [320, 322, 323], "summary": {"covered_lines": 3, "num_statements": 3, "percent_covered": 100.0, "percent_covered_display": "100", "missing_lines": 0, "excluded_lines": 0}, "missing_lines": [], "excluded_lines": []}, "count_lines": {"executed_lines": [329, 331, 332], "summary": {"covered_lines": 3, "num_statements": 3, "percent_covered": 100.0, "percent_covered_display": "100", "missing_lines": 0, "excluded_lines": 0}, "missing_lines": [], "excluded_lines": []}, "count_stanzas": {"executed_lines": [342, 345, 346, 349, 350, 352], "summary": {"covered_lines": 6, "num_statements": 6, "percent_covered": 100.0, "percent_covered_display": "100", "missing_lines": 0, "excluded_lines": 0}, "missing_lines": [], "excluded_lines": []}, "": {"executed_lines": [1, 7, 8, 9, 10, 11, 13, 14, 17, 114, 152, 179, 207, 234, 285, 317, 326, 335], "summary": {"covered_lines": 17, "num_statements": 17, "percent_covered": 100.0, "percent_covered_display": "100", "missing_lines": 0, "excluded_lines": 0}, "missing_lines": [], "excluded_lines": []}}, "classes": {"": {"executed_lines": [1, 7, 8, 9, 10, 11, 13, 14, 17, 33, 34, 36, 37, 38, 39, 42, 45, 48, 51, 52, 55, 56, 57, 60, 61, 62, 64, 67, 68, 71, 73, 75, 77, 80, 81, 83, 85, 86, 87, 90, 91, 111, 114, 129, 130, 132, 134, 136, 137, 140, 141, 142, 144, 146, 147, 149, 152, 165, 168, 171, 174, 176, 179, 191, 192, 194, 195, 197, 198, 201, 203, 204, 207, 217, 219, 220, 221, 222, 223, 224, 225, 226, 227, 228, 234, 245, 248, 249, 250, 252, 253, 256, 257, 258, 259, 262, 263, 264, 265, 268, 269, 273, 275, 276, 277, 279, 282, 285, 298, 299, 301, 302, 304, 305, 308, 309, 312, 314, 317, 320, 322, 323, 326, 329, 331, 332, 335, 342, 345, 346, 349, 350, 352], "summary": {"covered_lines": 132, "num_statements": 137, "percent_covered": 96.35036496350365, "percent_covered_display": "96", "missing_lines": 5, "excluded_lines": 0}, "missing_lines": [108, 109, 143, 145, 231], "excluded_lines": []}}}, "src/poetry_mcp/parsers/nexus_parser.py": {"executed_lines": [1, 7, 9, 11, 12, 15, 27, 28, 31, 32, 35, 36, 37, 38, 41, 42, 44, 45, 46, 47, 50, 51, 52, 54, 57, 70, 73, 74, 75, 79, 81, 90, 103, 105, 106, 108, 109, 110, 111, 112, 114, 115, 117, 120, 139, 142, 143, 144, 147, 149], "summary": {"covered_lines": 49, "num_statements": 49, "percent_covered": 100.0, "percent_covered_display": "100", "missing_lines": 0, "excluded_lines": 0}, "missing_lines": [], "excluded_lines": [], "functions": {"extract_canonical_tag": {"executed_lines": [27, 28, 31, 32, 35, 36, 37, 38, 41, 42, 44, 45, 46, 47, 50, 51, 52, 54], "summary": {"covered_lines": 18, "num_statements": 18, "percent_covered": 100.0, "percent_covered_display": "100", "missing_lines": 0, "excluded_lines": 0}, "missing_lines": [], "excluded_lines": []}, "parse_nexus_file": {"executed_lines": [70, 73, 74, 75, 79, 81], "summary": {"covered_lines": 6, "num_statements": 6, "percent_covered": 100.0, "percent_covered_display": "100", "missing_lines": 0, "excluded_lines": 0}, "missing_lines": [], "excluded_lines": []}, "scan_nexus_directory": {"executed_lines": [103, 105, 106, 108, 109, 110, 111, 112, 114, 115, 117], "summary": {"covered_lines": 11, "num_statements": 11, "percent_covered": 100.0, "percent_covered_display": "100", "missing_lines": 0, "excluded_lines": 0}, "missing_lines": [], "excluded_lines": []}, "load_nexus_registry": {"executed_lines": [139, 142, 143, 144, 147, 149], "summary": {"covered_lines": 6, "num_statements": 6, "percent_covered": 100.0, "percent_covered_display": "100", "missing_lines": 0, "excluded_lines": 0}, "missing_lines": [], "excluded_lines": []}, "": {"executed_lines": [1, 7, 9, 11, 12, 15, 57, 90, 120], "summary": {"covered_lines": 8, "num_statements": 8, "percent_covered": 100.0, "percent_covered_display": "100", "missing_lines": 0, "excluded_lines": 0}, "missing_lines": [], "excluded_lines": []}}, "classes": {"": {"executed_lines": [1, 7, 9, 11, 12, 15, 27, 28, 31, 32, 35, 36, 37, 38, 41, 42, 44, 45, 46, 47, 50, 51, 52, 54, 57, 70, 73, 74, 75, 79, 81, 90, 103, 105, 106, 108, 109, 110, 111, 112, 114, 115, 117, 120, 139, 142, 143, 144, 147, 149], "summary": {"covered_lines": 49, "num_statements": 49, "percent_covered": 100.0, "percent_covered_display": "100", "missing_lines": 0, "excluded_lines": 0}, "missing_lines": [], "excluded_lines": []}}}, "src/poetry_mcp/parsers/venue_parser.py": {"executed_lines": [1, 9, 10, 11, 12, 13, 15, 16, 19, 20, 26, 39, 40, 42, 45, 48, 50, 52, 55, 56, 57, 59, 60, 61, 62, 64, 65, 68, 70, 71, 72, 73, 75, 79, 82, 83, 84, 85, 87, 88, 91, 92, 93, 94, 95, 96, 97, 98, 99, 100, 101, 102, 103, 104, 105, 106, 107, 108, 109, 110, 113, 114, 116, 117, 118, 120, 123, 124, 125, 128, 129, 131, 133, 138, 141, 142, 145, 146, 147, 150, 159, 160, 161, 163, 164, 165, 167, 171, 172, 174, 175, 176, 178, 179, 180, 182, 183, 190, 191, 197, 204, 205, 206, 207, 209, 211, 212, 214, 215, 217, 218, 219, 220, 221, 222, 223, 225, 227, 229, 231, 233, 235, 237, 239], "summary": {"covered_lines": 121, "num_statements": 125, "percent_covered": 96.8, "percent_covered_display": "97", "missing_lines": 4, "excluded_lines": 0}, "missing_lines": [143, 184, 186, 187], "excluded_lines": [], "functions": {"VenueParser.parse_file": {"executed_lines": [39, 40, 42, 45, 48, 50], "summary": {"covered_lines": 6, "num_statements": 6, "percent_covered": 100.0, "percent_covered_display": "100", "missing_lines": 0, "excluded_lines": 0}, "missing_lines": [], "excluded_lines": []}, "VenueParser._parse_venue_metadata": {"executed_lines": [55, 56, 57, 59, 60, 61, 62, 64, 65, 68, 70, 71, 72, 73], "summary": {"covered_lines": 14, "num_statements": 14, "percent_covered": 100.0, "percent_covered_display": "100", "missing_lines": 0, "excluded_lines": 0}, "missing_lines": [], "excluded_lines": []}, "VenueParser._parse_submissions": {"executed_lines": [79, 82, 83, 84, 85, 87, 88, 91, 92, 93, 94, 95, 96, 97, 98, 99, 100, 101, 102, 103, 104, 105, 106, 107, 108, 109, 110, 113, 114, 116, 117, 118, 120, 123, 124, 125, 128, 129, 131], "summary": {"covered_lines": 39, "num_statements": 39, "percent_covered": 100.0, "percent_covered_display": "100", "missing_lines": 0, "excluded_lines": 0}, "missing_lines": [], "excluded_lines": []}, "VenueParser._parse_table_row": {"executed_lines": [138, 141, 142, 145, 146, 147, 150, 159, 160, 161, 163, 164, 165, 167, 171, 172, 174, 175, 176, 178, 179, 180, 182, 183], "summary": {"covered_lines": 24, "num_statements": 28, "percent_covered": 85.71428571428571, "percent_covered_display": "86", "missing_lines": 4, "excluded_lines": 0}, "missing_lines": [143, 184, 186, 187], "excluded_lines": []}, "VenueRegistry.__init__": {"executed_lines": [204, 205, 206, 207], "summary": {"covered_lines": 4, "num_statements": 4, "percent_covered": 100.0, "percent_covered_display": "100", "missing_lines": 0, "excluded_lines": 0}, "missing_lines": [], "excluded_lines": []}, "VenueRegistry.load_all": {"executed_lines": [211, 212, 214, 215, 217, 218, 219, 220, 221, 222, 223], "summary": {"covered_lines": 11, "num_statements": 11, "percent_covered": 100.0, "percent_covered_display": "100", "missing_lines": 0, "excluded_lines": 0}, "missing_lines": [], "excluded_lines": []}, "VenueRegistry.get_venue": {"executed_lines": [227], "summary": {"covered_lines": 1, "num_statements": 1, "percent_covered": 100.0, "percent_covered_display": "100", "missing_lines": 0, "excluded_lines": 0}, "missing_lines": [], "excluded_lines": []}, "VenueRegistry.get_submissions_for_venue": {"executed_lines": [231], "summary": {"covered_lines": 1, "num_statements": 1, "percent_covered": 100.0, "percent_covered_display": "100", "missing_lines": 0, "excluded_lines": 0}, "missing_lines": [], "excluded_lines": []}, "VenueRegistry.get_active_submissions": {"executed_lines": [235], "summary": {"covered_lines": 1, "num_statements": 1, "percent_covered": 100.0, "percent_covered_display": "100", "missing_lines": 0, "excluded_lines": 0}, "missing_lines": [], "excluded_lines": []}, "VenueRegistry.get_planned_submissions": {"executed_lines": [239], "summary": {"covered_lines": 1, "num_statements": 1, "percent_covered": 100.0, "percent_covered_display": "100", "missing_lines": 0, "excluded_lines": 0}, "missing_lines": [], "excluded_lines": []}, "": {"executed_lines": [1, 9, 10, 11, 12, 13, 15, 16, 19, 20, 26, 52, 75, 133, 190, 191, 197, 209, 225, 229, 233, 237], "summary": {"covered_lines": 19, "num_statements": 19, "percent_covered": 100.0, "percent_covered_display": "100", "missing_lines": 0, "excluded_lines": 0}, "missing_lines": [], "excluded_lines": []}}, "classes": {"VenueParser": {"executed_lines": [39, 40, 42, 45, 48, 50, 55, 56, 57, 59, 60, 61, 62, 64, 65, 68, 70, 71, 72, 73, 79, 82, 83, 84, 85, 87, 88, 91, 92, 93, 94, 95, 96, 97, 98, 99, 100, 101, 102, 103, 104, 105, 106, 107, 108, 109, 110, 113, 114, 116, 117, 118, 120, 123, 124, 125, 128, 129, 131, 138, 141, 142, 145, 146, 147, 150, 159, 160, 161, 163, 164, 165, 167, 171, 172, 174, 175, 176, 178, 179, 180, 182, 183], "summary": {"covered_lines": 83, "num_statements": 87, "percent_covered": 95.40229885057471, "percent_covered_display": "95", "missing_lines": 4, "excluded_lines": 0}, "missing_lines": [143, 184, 186, 187], "excluded_lines": []}, "VenueRegistry": {"executed_lines": [204, 205, 206, 207, 211, 212, 214, 215, 217, 218, 219, 220, 221, 222, 223, 227, 231, 235, 239], "summary": {"covered_lines": 19, "num_statements": 19, "percent_covered": 100.0, "percent_covered_display": "100", "missing_lines": 0, "excluded_lines": 0}, "missing_lines": [], "excluded_lines": []}, "": {"executed_lines": [1, 9, 10, 11, 12, 13, 15, 16, 19, 20, 26, 52, 75, 133, 190, 191, 197, 209, 225, 229, 233, 237], "summary": {"covered_lines": 19, "num_statements": 19, "percent_covered": 100.0, "percent_covered_display": "100", "missing_lines": 0, "excluded_lines": 0}, "missing_lines": [], "excluded_lines": []}}}, "src/poetry_mcp/server.py": {"executed_lines": [1, 6, 7, 8, 11, 16, 18, 19, 20, 21, 22, 23, 36, 39, 42, 45, 48, 52, 53, 54, 55, 60, 61, 62, 63, 64, 66, 69, 70, 90, 91, 120, 121, 196, 197, 230, 231, 266, 267, 278, 279, 300, 301, 322, 323, 356, 357, 390, 391, 424, 425, 456, 457, 488, 489, 535, 546, 549, 550, 551, 552, 553, 556, 567, 568, 569, 570, 571, 575, 576, 580, 583, 584, 586, 587, 589, 593, 594, 597, 598, 599, 602, 604, 605, 608, 609, 610, 612, 615, 618, 620, 622, 631, 632, 678, 687, 690, 691, 692, 693, 694, 696, 699, 700, 702, 703, 705, 706, 707, 708, 709, 711, 721, 722, 750, 762, 765, 776, 777, 778, 779, 780, 784, 787, 789, 791, 792, 795, 796, 799, 800, 802, 803, 804, 805, 806, 807, 809, 811, 813, 826, 829, 831, 833, 847, 848, 888, 917], "summary": {"covered_lines": 147, "num_statements": 240, "percent_covered": 61.25, "percent_covered_display": "61", "missing_lines": 93, "excluded_lines": 0}, "missing_lines": [12, 13, 14, 83, 84, 85, 86, 87, 102, 105, 108, 109, 111, 113, 114, 115, 117, 143, 145, 147, 148, 151, 152, 155, 156, 159, 162, 163, 166, 167, 170, 171, 176, 178, 179, 181, 184, 185, 188, 189, 191, 193, 212, 215, 218, 219, 222, 225, 227, 243, 245, 248, 249, 250, 251, 252, 253, 254, 255, 258, 261, 263, 274, 275, 286, 288, 319, 353, 387, 421, 453, 485, 532, 590, 675, 747, 885, 890, 893, 894, 895, 896, 897, 901, 902, 906, 907, 908, 909, 910, 911, 914, 918], "excluded_lines": [], "functions": {"get_catalog": {"executed_lines": [52, 53, 54, 55, 60, 61, 62, 63, 64, 66], "summary": {"covered_lines": 10, "num_statements": 10, "percent_covered": 100.0, "percent_covered_display": "100", "missing_lines": 0, "excluded_lines": 0}, "missing_lines": [], "excluded_lines": []}, "sync_catalog": {"executed_lines": [], "summary": {"covered_lines": 0, "num_statements": 5, "percent_covered": 0.0, "percent_covered_display": "0", "missing_lines": 5, "excluded_lines": 0}, "missing_lines": [83, 84, 85, 86, 87], "excluded_lines": []}, "get_poem": {"executed_lines": [], "summary": {"covered_lines": 0, "num_statements": 9, "percent_covered": 0.0, "percent_covered_display": "0", "missing_lines": 9, "excluded_lines": 0}, "missing_lines": [102, 105, 108, 109, 111, 113, 114, 115, 117], "excluded_lines": []}, "search_poems": {"executed_lines": [], "summary": {"covered_lines": 0, "num_statements": 24, "percent_covered": 0.0, "percent_covered_display": "0", "missing_lines": 24, "excluded_lines": 0}, "missing_lines": [143, 145, 147, 148, 151, 152, 155, 156, 159, 162, 163, 166, 167, 170, 171, 176, 178, 181, 184, 185, 188, 189, 191, 193], "excluded_lines": []}, "search_poems.relevance_score": {"executed_lines": [], "summary": {"covered_lines": 0, "num_statements": 1, "percent_covered": 0.0, "percent_covered_display": "0", "missing_lines": 1, "excluded_lines": 0}, "missing_lines": [179], "excluded_lines": []}, "find_poems_by_tag": {"executed_lines": [], "summary": {"covered_lines": 0, "num_statements": 7, "percent_covered": 0.0, "percent_covered_display": "0", "missing_lines": 7, "excluded_lines": 0}, "missing_lines": [212, 215, 218, 219, 222, 225, 227], "excluded_lines": []}, "list_poems_by_state": {"executed_lines": [], "summary": {"covered_lines": 0, "num_statements": 13, "percent_covered": 0.0, "percent_covered_display": "0", "missing_lines": 13, "excluded_lines": 0}, "missing_lines": [243, 245, 248, 249, 250, 251, 252, 253, 254, 255, 258, 261, 263], "excluded_lines": []}, "get_catalog_stats": {"executed_lines": [], "summary": {"covered_lines": 0, "num_statements": 2, "percent_covered": 0.0, "percent_covered_display": "0", "missing_lines": 2, "excluded_lines": 0}, "missing_lines": [274, 275], "excluded_lines": []}, "get_server_info": {"executed_lines": [], "summary": {"covered_lines": 0, "num_statements": 2, "percent_covered": 0.0, "percent_covered_display": "0", "missing_lines": 2, "excluded_lines": 0}, "missing_lines": [286, 288], "excluded_lines": []}, "get_all_nexuses": {"executed_lines": [], "summary": {"covered_lines": 0, "num_statements": 1, "percent_covered": 0.0, "percent_covered_display": "0", "missing_lines": 1, "excluded_lines": 0}, "missing_lines": [319], "excluded_lines": []}, "link_poem_to_nexus": {"executed_lines": [], "summary": {"covered_lines": 0, "num_statements": 1, "percent_covered": 0.0, "percent_covered_display": "0", "missing_lines": 1, "excluded_lines": 0}, "missing_lines": [353], "excluded_lines": []}, "find_nexuses_for_poem": {"executed_lines": [], "summary": {"covered_lines": 0, "num_statements": 1, "percent_covered": 0.0, "percent_covered_display": "0", "missing_lines": 1, "excluded_lines": 0}, "missing_lines": [387], "excluded_lines": []}, "get_poems_for_enrichment": {"executed_lines": [], "summary": {"covered_lines": 0, "num_statements": 1, "percent_covered": 0.0, "percent_covered_display": "0", "missing_lines": 1, "excluded_lines": 0}, "missing_lines": [421], "excluded_lines": []}, "sync_nexus_tags": {"executed_lines": [], "summary": {"covered_lines": 0, "num_statements": 1, "percent_covered": 0.0, "percent_covered_display": "0", "missing_lines": 1, "excluded_lines": 0}, "missing_lines": [453], "excluded_lines": []}, "move_poem_to_state": {"executed_lines": [], "summary": {"covered_lines": 0, "num_statements": 1, "percent_covered": 0.0, "percent_covered_display": "0", "missing_lines": 1, "excluded_lines": 0}, "missing_lines": [485], "excluded_lines": []}, "grade_poem_quality": {"executed_lines": [], "summary": {"covered_lines": 0, "num_statements": 1, "percent_covered": 0.0, "percent_covered_display": "0", "missing_lines": 1, "excluded_lines": 0}, "missing_lines": [532], "excluded_lines": []}, "commit_quality_scores_impl": {"executed_lines": [546, 549, 550, 551, 552, 553, 556, 567, 568, 569, 570, 571, 575, 576, 580, 583, 584, 586, 587, 589, 593, 594, 597, 598, 599, 602, 604, 605, 608, 609, 610, 612, 615, 618, 620, 622], "summary": {"covered_lines": 36, "num_statements": 37, "percent_covered": 97.29729729729729, "percent_covered_display": "97", "missing_lines": 1, "excluded_lines": 0}, "missing_lines": [590], "excluded_lines": []}, "commit_quality_scores": {"executed_lines": [], "summary": {"covered_lines": 0, "num_statements": 1, "percent_covered": 0.0, "percent_covered_display": "0", "missing_lines": 1, "excluded_lines": 0}, "missing_lines": [675], "excluded_lines": []}, "get_quality_scores_impl": {"executed_lines": [687, 690, 691, 692, 693, 694, 696, 699, 700, 702, 703, 705, 706, 707, 708, 709, 711], "summary": {"covered_lines": 17, "num_statements": 17, "percent_covered": 100.0, "percent_covered_display": "100", "missing_lines": 0, "excluded_lines": 0}, "missing_lines": [], "excluded_lines": []}, "get_quality_scores": {"executed_lines": [], "summary": {"covered_lines": 0, "num_statements": 1, "percent_covered": 0.0, "percent_covered_display": "0", "missing_lines": 1, "excluded_lines": 0}, "missing_lines": [747], "excluded_lines": []}, "find_high_scoring_poems_impl": {"executed_lines": [762, 765, 776, 777, 778, 779, 780, 784, 787, 789, 791, 792, 795, 796, 799, 800, 802, 803, 804, 805, 806, 807, 809, 811, 813, 826, 829, 831, 833], "summary": {"covered_lines": 29, "num_statements": 29, "percent_covered": 100.0, "percent_covered_display": "100", "missing_lines": 0, "excluded_lines": 0}, "missing_lines": [], "excluded_lines": []}, "find_high_scoring_poems": {"executed_lines": [], "summary": {"covered_lines": 0, "num_statements": 1, "percent_covered": 0.0, "percent_covered_display": "0", "missing_lines": 1, "excluded_lines": 0}, "missing_lines": [885], "excluded_lines": []}, "main": {"executed_lines": [], "summary": {"covered_lines": 0, "num_statements": 15, "percent_covered": 0.0, "percent_covered_display": "0", "missing_lines": 15, "excluded_lines": 0}, "missing_lines": [890, 893, 894, 895, 896, 897, 901, 902, 906, 907, 908, 909, 910, 911, 914], "excluded_lines": []}, "": {"executed_lines": [1, 6, 7, 8, 11, 16, 18, 19, 20, 21, 22, 23, 36, 39, 42, 45, 48, 69, 70, 90, 91, 120, 121, 196, 197, 230, 231, 266, 267, 278, 279, 300, 301, 322, 323, 356, 357, 390, 391, 424, 425, 456, 457, 488, 489, 535, 631, 632, 678, 721, 722, 750, 847, 848, 888, 917], "summary": {"covered_lines": 55, "num_statements": 59, "percent_covered": 93.22033898305085, "percent_covered_display": "93", "missing_lines": 4, "excluded_lines": 0}, "missing_lines": [12, 13, 14, 918], "excluded_lines": []}}, "classes": {"": {"executed_lines": [1, 6, 7, 8, 11, 16, 18, 19, 20, 21, 22, 23, 36, 39, 42, 45, 48, 52, 53, 54, 55, 60, 61, 62, 63, 64, 66, 69, 70, 90, 91, 120, 121, 196, 197, 230, 231, 266, 267, 278, 279, 300, 301, 322, 323, 356, 357, 390, 391, 424, 425, 456, 457, 488, 489, 535, 546, 549, 550, 551, 552, 553, 556, 567, 568, 569, 570, 571, 575, 576, 580, 583, 584, 586, 587, 589, 593, 594, 597, 598, 599, 602, 604, 605, 608, 609, 610, 612, 615, 618, 620, 622, 631, 632, 678, 687, 690, 691, 692, 693, 694, 696, 699, 700, 702, 703, 705, 706, 707, 708, 709, 711, 721, 722, 750, 762, 765, 776, 777, 778, 779, 780, 784, 787, 789, 791, 792, 795, 796, 799, 800, 802, 803, 804, 805, 806, 807, 809, 811, 813, 826, 829, 831, 833, 847, 848, 888, 917], "summary": {"covered_lines": 147, "num_statements": 240, "percent_covered": 61.25, "percent_covered_display": "61", "missing_lines": 93, "excluded_lines": 0}, "missing_lines": [12, 13, 14, 83, 84, 85, 86, 87, 102, 105, 108, 109, 111, 113, 114, 115, 117, 143, 145, 147, 148, 151, 152, 155, 156, 159, 162, 163, 166, 167, 170, 171, 176, 178, 179, 181, 184, 185, 188, 189, 191, 193, 212, 215, 218, 219, 222, 225, 227, 243, 245, 248, 249, 250, 251, 252, 253, 254, 255, 258, 261, 263, 274, 275, 286, 288, 319, 353, 387, 421, 453, 485, 532, 590, 675, 747, 885, 890, 893, 894, 895, 896, 897, 901, 902, 906, 907, 908, 909, 910, 911, 914, 918], "excluded_lines": []}}}, "src/poetry_mcp/tools/__init__.py": {"executed_lines": [1], "summary": {"covered_lines": 0, "num_statements": 0, "percent_covered": 100.0, "percent_covered_display": "100", "missing_lines": 0, "excluded_lines": 0}, "missing_lines": [], "excluded_lines": [], "functions": {"": {"executed_lines": [1], "summary": {"covered_lines": 0, "num_statements": 0, "percent_covered": 100.0, "percent_covered_display": "100", "missing_lines": 0, "excluded_lines": 0}, "missing_lines": [], "excluded_lines": []}}, "classes": {"": {"executed_lines": [1], "summary": {"covered_lines": 0, "num_statements": 0, "percent_covered": 100.0, "percent_covered_display": "100", "missing_lines": 0, "excluded_lines": 0}, "missing_lines": [], "excluded_lines": []}}}, "src/poetry_mcp/tools/enrichment_tools.py": {"executed_lines": [1, 3, 4, 6, 7, 8, 11, 12, 14, 17, 18, 21, 28, 31, 32, 35, 53, 54, 58, 61, 95, 96, 101, 102, 103, 109, 115, 116, 117, 123, 124, 125, 126, 127, 128, 130, 131, 136, 144, 145, 151, 159, 161, 173, 198, 199, 202, 203, 204, 210, 211, 212, 213, 223, 224, 230, 231, 233, 234, 235, 236, 237, 238, 239, 240, 242, 251, 268, 270, 285, 311, 312, 315, 317, 322, 323, 324, 325, 326, 329, 332, 333, 335, 336, 337, 338, 339, 348, 349, 351, 364, 365, 366, 367, 368, 369, 370, 371, 372, 373, 375, 383, 393, 395, 404, 437, 439, 440, 443, 444, 445, 451, 452, 453, 454, 455, 461, 463, 464, 465, 466, 472, 475, 476, 479, 480, 482, 483, 484, 485, 486, 489, 490, 491, 492, 493, 494, 497, 498, 499, 501, 503, 504, 505, 506, 509, 510, 513, 515, 517, 520, 523, 524, 526, 532, 539, 541, 546, 559, 592, 594, 595, 598, 599, 600, 606, 607, 608, 614, 615, 625, 634, 635, 636, 637, 638, 641, 642, 648, 650, 652, 654, 660, 661, 667, 670, 671, 672, 673, 675, 678, 680, 692, 693, 694, 701, 735, 739, 740, 741, 747, 748, 749, 750, 751, 760, 761, 767, 779, 780, 781, 782, 787, 790, 794, 807, 811], "summary": {"covered_lines": 216, "num_statements": 239, "percent_covered": 90.3765690376569, "percent_covered_display": "90", "missing_lines": 23, "excluded_lines": 0}, "missing_lines": [137, 152, 215, 216, 217, 218, 220, 222, 340, 341, 342, 343, 345, 347, 511, 533, 736, 752, 753, 754, 755, 757, 759], "excluded_lines": [], "functions": {"initialize_enrichment_tools": {"executed_lines": [28, 31, 32], "summary": {"covered_lines": 3, "num_statements": 3, "percent_covered": 100.0, "percent_covered_display": "100", "missing_lines": 0, "excluded_lines": 0}, "missing_lines": [], "excluded_lines": []}, "get_all_nexuses": {"executed_lines": [53, 54, 58], "summary": {"covered_lines": 3, "num_statements": 3, "percent_covered": 100.0, "percent_covered_display": "100", "missing_lines": 0, "excluded_lines": 0}, "missing_lines": [], "excluded_lines": []}, "link_poem_to_nexus": {"executed_lines": [95, 96, 101, 102, 103, 109, 115, 116, 117, 123, 124, 125, 126, 127, 128, 130, 131, 136, 144, 145, 151, 159, 161], "summary": {"covered_lines": 23, "num_statements": 25, "percent_covered": 92.0, "percent_covered_display": "92", "missing_lines": 2, "excluded_lines": 0}, "missing_lines": [137, 152], "excluded_lines": []}, "find_nexuses_for_poem": {"executed_lines": [198, 199, 202, 203, 204, 210, 211, 212, 213, 223, 224, 230, 231, 233, 234, 235, 236, 237, 238, 239, 240, 242, 251, 268, 270], "summary": {"covered_lines": 25, "num_statements": 31, "percent_covered": 80.64516129032258, "percent_covered_display": "81", "missing_lines": 6, "excluded_lines": 0}, "missing_lines": [215, 216, 217, 218, 220, 222], "excluded_lines": []}, "get_poems_for_enrichment": {"executed_lines": [311, 312, 315, 317, 322, 323, 324, 325, 326, 329, 332, 333, 335, 336, 337, 338, 339, 348, 349, 351, 364, 365, 366, 367, 368, 369, 370, 371, 372, 373, 375, 383, 393, 395], "summary": {"covered_lines": 34, "num_statements": 40, "percent_covered": 85.0, "percent_covered_display": "85", "missing_lines": 6, "excluded_lines": 0}, "missing_lines": [340, 341, 342, 343, 345, 347], "excluded_lines": []}, "sync_nexus_tags": {"executed_lines": [437, 439, 440, 443, 444, 445, 451, 452, 453, 454, 455, 461, 463, 464, 465, 466, 472, 475, 476, 479, 480, 482, 483, 484, 485, 486, 489, 490, 491, 492, 493, 494, 497, 498, 499, 501, 503, 504, 505, 506, 509, 510, 513, 515, 517, 520, 523, 524, 526, 532, 539, 541, 546], "summary": {"covered_lines": 53, "num_statements": 55, "percent_covered": 96.36363636363636, "percent_covered_display": "96", "missing_lines": 2, "excluded_lines": 0}, "missing_lines": [511, 533], "excluded_lines": []}, "move_poem_to_state": {"executed_lines": [592, 594, 595, 598, 599, 600, 606, 607, 608, 614, 615, 625, 634, 635, 636, 637, 638, 641, 642, 648, 650, 652, 654, 660, 661, 667, 670, 671, 672, 673, 675, 678, 680, 692, 693, 694], "summary": {"covered_lines": 36, "num_statements": 36, "percent_covered": 100.0, "percent_covered_display": "100", "missing_lines": 0, "excluded_lines": 0}, "missing_lines": [], "excluded_lines": []}, "grade_poem_quality": {"executed_lines": [735, 739, 740, 741, 747, 748, 749, 750, 751, 760, 761, 767, 779, 780, 781, 782, 787, 790, 794, 807, 811], "summary": {"covered_lines": 21, "num_statements": 28, "percent_covered": 75.0, "percent_covered_display": "75", "missing_lines": 7, "excluded_lines": 0}, "missing_lines": [736, 752, 753, 754, 755, 757, 759], "excluded_lines": []}, "": {"executed_lines": [1, 3, 4, 6, 7, 8, 11, 12, 14, 17, 18, 21, 35, 61, 173, 285, 404, 559, 701], "summary": {"covered_lines": 18, "num_statements": 18, "percent_covered": 100.0, "percent_covered_display": "100", "missing_lines": 0, "excluded_lines": 0}, "missing_lines": [], "excluded_lines": []}}, "classes": {"": {"executed_lines": [1, 3, 4, 6, 7, 8, 11, 12, 14, 17, 18, 21, 28, 31, 32, 35, 53, 54, 58, 61, 95, 96, 101, 102, 103, 109, 115, 116, 117, 123, 124, 125, 126, 127, 128, 130, 131, 136, 144, 145, 151, 159, 161, 173, 198, 199, 202, 203, 204, 210, 211, 212, 213, 223, 224, 230, 231, 233, 234, 235, 236, 237, 238, 239, 240, 242, 251, 268, 270, 285, 311, 312, 315, 317, 322, 323, 324, 325, 326, 329, 332, 333, 335, 336, 337, 338, 339, 348, 349, 351, 364, 365, 366, 367, 368, 369, 370, 371, 372, 373, 375, 383, 393, 395, 404, 437, 439, 440, 443, 444, 445, 451, 452, 453, 454, 455, 461, 463, 464, 465, 466, 472, 475, 476, 479, 480, 482, 483, 484, 485, 486, 489, 490, 491, 492, 493, 494, 497, 498, 499, 501, 503, 504, 505, 506, 509, 510, 513, 515, 517, 520, 523, 524, 526, 532, 539, 541, 546, 559, 592, 594, 595, 598, 599, 600, 606, 607, 608, 614, 615, 625, 634, 635, 636, 637, 638, 641, 642, 648, 650, 652, 654, 660, 661, 667, 670, 671, 672, 673, 675, 678, 680, 692, 693, 694, 701, 735, 739, 740, 741, 747, 748, 749, 750, 751, 760, 761, 767, 779, 780, 781, 782, 787, 790, 794, 807, 811], "summary": {"covered_lines": 216, "num_statements": 239, "percent_covered": 90.3765690376569, "percent_covered_display": "90", "missing_lines": 23, "excluded_lines": 0}, "missing_lines": [137, 152, 215, 216, 217, 218, 220, 222, 340, 341, 342, 343, 345, 347, 511, 533, 736, 752, 753, 754, 755, 757, 759], "excluded_lines": []}}}, "src/poetry_mcp/writers/__init__.py": {"executed_lines": [1, 3, 9], "summary": {"covered_lines": 2, "num_statements": 2, "percent_covered": 100.0, "percent_covered_display": "100", "missing_lines": 0, "excluded_lines": 0}, "missing_lines": [], "excluded_lines": [], "functions": {"": {"executed_lines": [1, 3, 9], "summary": {"covered_lines": 2, "num_statements": 2, "percent_covered": 100.0, "percent_covered_display": "100", "missing_lines": 0, "excluded_lines": 0}, "missing_lines": [], "excluded_lines": []}}, "classes": {"": {"executed_lines": [1, 3, 9], "summary": {"covered_lines": 2, "num_statements": 2, "percent_covered": 100.0, "percent_covered_display": "100", "missing_lines": 0, "excluded_lines": 0}, "missing_lines": [], "excluded_lines": []}}}, "src/poetry_mcp/writers/frontmatter_writer.py": {"executed_lines": [1, 6, 7, 8, 9, 10, 12, 13, 15, 18, 19, 21, 22, 23, 24, 25, 26, 27, 29, 30, 32, 33, 35, 38, 51, 54, 56, 59, 60, 61, 62, 65, 66, 68, 69, 70, 71, 74, 76, 79, 89, 91, 94, 102, 105, 114, 115, 116, 119, 130, 136, 138, 139, 142, 144, 146, 147, 148, 149, 150, 153, 169, 170, 172, 177, 179, 180, 181, 183, 186, 189, 190, 191, 192, 195, 198, 201, 204, 206, 207, 208, 209, 212, 214, 215, 217, 218, 219, 222, 254, 255, 257, 258, 260, 265, 267, 268, 269, 271, 274, 277, 278, 279, 280, 283, 286, 287, 288, 289, 290, 293, 294, 295, 296, 297, 300, 301, 302, 304, 305, 306, 309, 312, 314, 315, 316, 317, 320, 322, 323, 325, 326, 327, 330, 339, 341, 342, 344, 345, 346, 347, 348], "summary": {"covered_lines": 140, "num_statements": 140, "percent_covered": 100.0, "percent_covered_display": "100", "missing_lines": 0, "excluded_lines": 0}, "missing_lines": [], "excluded_lines": [], "functions": {"FrontmatterUpdateResult.updated_tags": {"executed_lines": [32, 33, 35], "summary": {"covered_lines": 3, "num_statements": 3, "percent_covered": 100.0, "percent_covered_display": "100", "missing_lines": 0, "excluded_lines": 0}, "missing_lines": [], "excluded_lines": []}, "extract_frontmatter_and_content": {"executed_lines": [51, 54, 56, 59, 60, 61, 62, 65, 66, 68, 69, 70, 71, 74, 76], "summary": {"covered_lines": 15, "num_statements": 15, "percent_covered": 100.0, "percent_covered_display": "100", "missing_lines": 0, "excluded_lines": 0}, "missing_lines": [], "excluded_lines": []}, "serialize_frontmatter_and_content": {"executed_lines": [89, 91, 94, 102], "summary": {"covered_lines": 4, "num_statements": 4, "percent_covered": 100.0, "percent_covered_display": "100", "missing_lines": 0, "excluded_lines": 0}, "missing_lines": [], "excluded_lines": []}, "create_backup": {"executed_lines": [114, 115, 116], "summary": {"covered_lines": 3, "num_statements": 3, "percent_covered": 100.0, "percent_covered_display": "100", "missing_lines": 0, "excluded_lines": 0}, "missing_lines": [], "excluded_lines": []}, "atomic_write": {"executed_lines": [130, 136, 138, 139, 142, 144, 146, 147, 148, 149, 150], "summary": {"covered_lines": 11, "num_statements": 11, "percent_covered": 100.0, "percent_covered_display": "100", "missing_lines": 0, "excluded_lines": 0}, "missing_lines": [], "excluded_lines": []}, "update_poem_frontmatter": {"executed_lines": [169, 170, 172, 177, 179, 180, 181, 183, 186, 189, 190, 191, 192, 195, 198, 201, 204, 206, 207, 208, 209, 212, 214, 215, 217, 218, 219], "summary": {"covered_lines": 27, "num_statements": 27, "percent_covered": 100.0, "percent_covered_display": "100", "missing_lines": 0, "excluded_lines": 0}, "missing_lines": [], "excluded_lines": []}, "update_poem_tags": {"executed_lines": [254, 255, 257, 258, 260, 265, 267, 268, 269, 271, 274, 277, 278, 279, 280, 283, 286, 287, 288, 289, 290, 293, 294, 295, 296, 297, 300, 301, 302, 304, 305, 306, 309, 312, 314, 315, 316, 317, 320, 322, 323, 325, 326, 327], "summary": {"covered_lines": 44, "num_statements": 44, "percent_covered": 100.0, "percent_covered_display": "100", "missing_lines": 0, "excluded_lines": 0}, "missing_lines": [], "excluded_lines": []}, "rollback_from_backup": {"executed_lines": [339, 341, 342, 344, 345, 346, 347, 348], "summary": {"covered_lines": 8, "num_statements": 8, "percent_covered": 100.0, "percent_covered_display": "100", "missing_lines": 0, "excluded_lines": 0}, "missing_lines": [], "excluded_lines": []}, "": {"executed_lines": [1, 6, 7, 8, 9, 10, 12, 13, 15, 18, 19, 21, 22, 23, 24, 25, 26, 27, 29, 30, 38, 79, 105, 119, 153, 222, 330], "summary": {"covered_lines": 25, "num_statements": 25, "percent_covered": 100.0, "percent_covered_display": "100", "missing_lines": 0, "excluded_lines": 0}, "missing_lines": [], "excluded_lines": []}}, "classes": {"FrontmatterUpdateResult": {"executed_lines": [32, 33, 35], "summary": {"covered_lines": 3, "num_statements": 3, "percent_covered": 100.0, "percent_covered_display": "100", "missing_lines": 0, "excluded_lines": 0}, "missing_lines": [], "excluded_lines": []}, "": {"executed_lines": [1, 6, 7, 8, 9, 10, 12, 13, 15, 18, 19, 21, 22, 23, 24, 25, 26, 27, 29, 30, 38, 51, 54, 56, 59, 60, 61, 62, 65, 66, 68, 69, 70, 71, 74, 76, 79, 89, 91, 94, 102, 105, 114, 115, 116, 119, 130, 136, 138, 139, 142, 144, 146, 147, 148, 149, 150, 153, 169, 170, 172, 177, 179, 180, 181, 183, 186, 189, 190, 191, 192, 195, 198, 201, 204, 206, 207, 208, 209, 212, 214, 215, 217, 218, 219, 222, 254, 255, 257, 258, 260, 265, 267, 268, 269, 271, 274, 277, 278, 279, 280, 283, 286, 287, 288, 289, 290, 293, 294, 295, 296, 297, 300, 301, 302, 304, 305, 306, 309, 312, 314, 315, 316, 317, 320, 322, 323, 325, 326, 327, 330, 339, 341, 342, 344, 345, 346, 347, 348], "summary": {"covered_lines": 137, "num_statements": 137, "percent_covered": 100.0, "percent_covered_display": "100", "missing_lines": 0, "excluded_lines": 0}, "missing_lines": [], "excluded_lines": []}}}}, "totals": {"covered_lines": 1242, "num_statements": 1600, "percent_covered": 77.625, "percent_covered_display": "78", "missing_lines": 358, "excluded_lines": 0}}